<?xml version="1.0" encoding="utf-8"?><testsuites name="pytest tests"><testsuite name="pytest" errors="0" failures="0" skipped="0" tests="9" time="1.144" timestamp="2026-07-02T08:45:52.324171+00:00" hostname="agent-env-8f83084f-ec16-4ffb-9f0c-258d9a8c94dc"><testcase classname="tests.backend_test.TestSEO" name="test_dynamic_sitemap" time="0.139" /><testcase classname="tests.backend_test.TestContact" name="test_contact_minimal_persistence" time="0.288" /><testcase classname="tests.backend_test.TestSEO" name="test_dynamic_robots" time="0.077" /><testcase classname="tests.backend_test.TestSEO" name="test_static_sitemap" time="0.044" /><testcase classname="tests.backend_test.TestSEO" name="test_static_robots" time="0.033" /><testcase classname="tests.backend_test.TestContact" name="test_contact_validation" time="0.076" /><testcase classname="tests.backend_test.TestHealth" name="test_health" time="0.032" /><testcase classname="tests.backend_test.TestBookings" name="test_booking_persistence" time="0.113" /><testcase classname="tests.backend_test.TestBookings" name="test_booking_validation" time="0.078" /></testsuite></testsuites>