<?xml version="1.0" encoding="utf-8"?><testsuites name="pytest tests"><testsuite name="pytest" errors="0" failures="0" skipped="0" tests="10" time="5.232" timestamp="2026-07-09T11:13:50.019800+00:00" hostname="agent-env-8f83084f-ec16-4ffb-9f0c-258d9a8c94dc"><testcase classname="tests.test_iteration_9_smoke" name="test_sitemap_has_100_plus_urls" time="0.144" /><testcase classname="tests.test_iteration_9_smoke" name="test_sitemap_has_category_overview[ecommerce]" time="0.000" /><testcase classname="tests.test_iteration_9_smoke" name="test_sitemap_has_category_overview[social-digital]" time="0.000" /><testcase classname="tests.test_iteration_9_smoke" name="test_sitemap_has_category_overview[cross-border]" time="0.000" /><testcase classname="tests.test_iteration_9_smoke" name="test_sitemap_has_category_overview[retail]" time="0.000" /><testcase classname="tests.test_iteration_9_smoke" name="test_sitemap_has_new_2026_blog[ai-agents-ecommerce-2026]" time="0.000" /><testcase classname="tests.test_iteration_9_smoke" name="test_sitemap_has_new_2026_blog[amazon-rufus-changing-discovery]" time="0.000" /><testcase classname="tests.test_iteration_9_smoke" name="test_sitemap_has_new_2026_blog[voice-commerce-uk-2026]" time="0.000" /><testcase classname="tests.test_iteration_9_smoke" name="test_contact_post_smoke" time="2.284" /><testcase classname="tests.test_iteration_9_smoke" name="test_careers_apply_smoke" time="2.239" /></testsuite></testsuites>