<?xml version="1.0" encoding="utf-8"?><testsuites name="pytest tests"><testsuite name="pytest" errors="0" failures="0" skipped="0" tests="16" time="16.506" timestamp="2026-07-02T10:06:17.374244+00:00" hostname="agent-env-8f83084f-ec16-4ffb-9f0c-258d9a8c94dc"><testcase classname="tests.backend_test.TestSEO" name="test_dynamic_sitemap" time="0.200" /><testcase classname="tests.test_careers" name="test_health" time="2.363" /><testcase classname="tests.backend_test.TestSEO" name="test_dynamic_robots" time="0.042" /><testcase classname="tests.backend_test.TestSEO" name="test_static_sitemap" time="0.041" /><testcase classname="tests.backend_test.TestSEO" name="test_static_robots" time="0.044" /><testcase classname="tests.backend_test.TestContact" name="test_contact_minimal_persistence" time="0.091" /><testcase classname="tests.backend_test.TestContact" name="test_contact_validation" time="0.080" /><testcase classname="tests.backend_test.TestBookings" name="test_booking_persistence" time="0.092" /><testcase classname="tests.backend_test.TestBookings" name="test_booking_validation" time="0.078" /><testcase classname="tests.backend_test.TestHealth" name="test_health" time="0.079" /><testcase classname="tests.test_careers" name="test_sitemap_contains_careers" time="2.239" /><testcase classname="tests.test_careers" name="test_apply_happy_path" time="2.244" /><testcase classname="tests.test_careers" name="test_apply_missing_cv" time="2.235" /><testcase classname="tests.test_careers" name="test_apply_invalid_content_type" time="2.240" /><testcase classname="tests.test_careers" name="test_apply_empty_cv" time="2.246" /><testcase classname="tests.test_careers" name="test_apply_oversized_cv" time="2.410" /></testsuite></testsuites>