<?xml version="1.0" encoding="utf-8"?><testsuites name="pytest tests"><testsuite name="pytest" errors="0" failures="0" skipped="0" tests="10" time="1.862" timestamp="2026-07-15T14:13:13.931612+00:00" hostname="agent-env-8f83084f-ec16-4ffb-9f0c-258d9a8c94dc"><testcase classname="tests.test_email_reply_to.TestHealth" name="test_health_ok_and_email_configured" time="0.266" /><testcase classname="tests.test_email_reply_to.TestSourceCode" name="test_source_has_no_growth_email" time="0.001" /><testcase classname="tests.test_email_reply_to.TestSourceCode" name="test_source_has_no_senior_operator" time="0.000" /><testcase classname="tests.test_email_reply_to.TestSourceCode" name="test_source_has_no_reply_to_this_email_phrase" time="0.000" /><testcase classname="tests.test_email_reply_to.TestSourceCode" name="test_send_email_wires_reply_to" time="0.000" /><testcase classname="tests.test_email_reply_to.TestSourceCode" name="test_booking_confirmation_html_uses_hello_email" time="0.001" /><testcase classname="tests.test_email_reply_to.TestSourceCode" name="test_booking_subject_uses_em_dash" time="0.000" /><testcase classname="tests.test_email_reply_to.TestCareersEmail" name="test_career_apply_sends_two_emails" time="0.643" /><testcase classname="tests.test_email_reply_to.TestBookingsEmail" name="test_booking_sends_two_emails_with_correct_subject" time="0.599" /><testcase classname="tests.test_email_reply_to.TestContactEmail" name="test_contact_standard_sends_two_emails" time="0.635" /></testsuite></testsuites>