<?xml version="1.0" encoding="utf-8"?><testsuites name="pytest tests"><testsuite name="pytest" errors="0" failures="0" skipped="0" tests="9" time="1.098" timestamp="2026-07-02T07:21:28.340290+00:00" hostname="agent-env-8f83084f-ec16-4ffb-9f0c-258d9a8c94dc"><testcase classname="tests.backend_test.TestSEO" name="test_dynamic_sitemap" time="0.149" /><testcase classname="tests.backend_test.TestContact" name="test_contact_minimal_persistence" time="0.277" /><testcase classname="tests.backend_test.TestSEO" name="test_dynamic_robots" time="0.033" /><testcase classname="tests.backend_test.TestSEO" name="test_static_sitemap" time="0.042" /><testcase classname="tests.backend_test.TestSEO" name="test_static_robots" time="0.056" /><testcase classname="tests.backend_test.TestContact" name="test_contact_validation" time="0.099" /><testcase classname="tests.backend_test.TestHealth" name="test_health" time="0.033" /><testcase classname="tests.backend_test.TestBookings" name="test_booking_persistence" time="0.101" /><testcase classname="tests.backend_test.TestBookings" name="test_booking_validation" time="0.097" /></testsuite></testsuites>