<?xml version="1.0" encoding="utf-8"?><testsuites name="pytest tests"><testsuite name="pytest" errors="0" failures="0" skipped="0" tests="9" time="1.356" timestamp="2026-07-01T14:04:00.795650+00:00" hostname="agent-env-8f83084f-ec16-4ffb-9f0c-258d9a8c94dc"><testcase classname="tests.backend_test.TestContact" name="test_contact_minimal_persistence" time="0.363" /><testcase classname="tests.backend_test.TestSEO" name="test_dynamic_sitemap" time="0.319" /><testcase classname="tests.backend_test.TestSEO" name="test_dynamic_robots" time="0.041" /><testcase classname="tests.backend_test.TestSEO" name="test_static_sitemap" time="0.310" /><testcase classname="tests.backend_test.TestContact" name="test_contact_validation" time="0.036" /><testcase classname="tests.backend_test.TestBookings" name="test_booking_persistence" time="0.157" /><testcase classname="tests.backend_test.TestBookings" name="test_booking_validation" time="0.076" /><testcase classname="tests.backend_test.TestSEO" name="test_static_robots" time="0.061" /><testcase classname="tests.backend_test.TestHealth" name="test_health" time="0.065" /></testsuite></testsuites>