<?xml version="1.0" encoding="utf-8"?><testsuites name="pytest tests"><testsuite name="pytest" errors="0" failures="0" skipped="0" tests="13" time="1.622" timestamp="2026-07-15T15:00:45.382371+00:00" hostname="agent-env-8f83084f-ec16-4ffb-9f0c-258d9a8c94dc"><testcase classname="tests.test_iteration_13_e2e.TestPublicConfig" name="test_redirects_spa_fallback_last" time="0.001" /><testcase classname="tests.test_iteration_13_e2e.TestContactJsxSource" name="test_no_web3forms_reference" time="0.001" /><testcase classname="tests.test_iteration_13_e2e.TestContactJsxSource" name="test_uses_backend_url_for_both_forms" time="0.000" /><testcase classname="tests.test_iteration_13_e2e.TestPublicConfig" name="test_redirects_has_legacy_301s" time="0.000" /><testcase classname="tests.test_iteration_13_e2e.TestPublicConfig" name="test_vercel_json_exists" time="0.000" /><testcase classname="tests.test_iteration_13_e2e.TestPublicConfig" name="test_robots_disallows" time="0.000" /><testcase classname="tests.test_iteration_13_e2e.TestContactJsxSource" name="test_response_promise_new_copy" time="0.020" /><testcase classname="tests.test_iteration_13_e2e.TestSitemap" name="test_backend_sitemap_ok" time="0.284" /><testcase classname="tests.test_iteration_13_e2e.TestServerPyTemplates" name="test_booking_confirmation_has_new_copy" time="0.001" /><testcase classname="tests.test_iteration_13_e2e.TestServerPyTemplates" name="test_thank_you_has_new_copy" time="0.001" /><testcase classname="tests.test_iteration_13_e2e.TestContactE2E" name="test_post_contact_triggers_two_emails" time="0.833" /><testcase classname="tests.test_iteration_13_e2e.TestSitemap" name="test_static_sitemap_ok" time="0.000" /><testcase classname="tests.test_iteration_13_e2e.TestBookingsE2E" name="test_post_booking_triggers_two_emails" time="0.632" /></testsuite></testsuites>